<?xml version="1.0" encoding="UTF-8"?>
<!-- Generated by org.testng.reporters.JUnitReportReporter -->
<testsuite skipped="21" hostname="314421053d32" name="pra_package.PRA_Home" tests="22" failures="0" timestamp="30 Jan 2021 13:17:16 GMT" time="1.136" errors="1">
  <testcase name="initialization_browser_opening" time="1.136" classname="pra_package.PRA_Home">
    <error type="org.openqa.selenium.remote.UnreachableBrowserException" message="Could not start a new session. Possible causes are invalid address of the remote server or browser start-up failure.
Build info: version: &#039;2.53.0&#039;, revision: &#039;35ae25b1534ae328c771e0856c93e187490ca824&#039;, time: &#039;2016-03-15 10:43:46&#039;
System info: host: &#039;314421053d32&#039;, ip: &#039;172.18.0.4&#039;, os.name: &#039;Linux&#039;, os.arch: &#039;amd64&#039;, os.version: &#039;4.19.121-linuxkit&#039;, java.version: &#039;1.8.0_191&#039;
Driver info: driver.version: RemoteWebDriver">
      <![CDATA[org.openqa.selenium.remote.UnreachableBrowserException: Could not start a new session. Possible causes are invalid address of the remote server or browser start-up failure.
Build info: version: '2.53.0', revision: '35ae25b1534ae328c771e0856c93e187490ca824', time: '2016-03-15 10:43:46'
System info: host: '314421053d32', ip: '172.18.0.4', os.name: 'Linux', os.arch: 'amd64', os.version: '4.19.121-linuxkit', java.version: '1.8.0_191'
Driver info: driver.version: RemoteWebDriver
at org.openqa.selenium.remote.RemoteWebDriver.execute(RemoteWebDriver.java:665)
at org.openqa.selenium.remote.RemoteWebDriver.startSession(RemoteWebDriver.java:249)
at org.openqa.selenium.remote.RemoteWebDriver.<init>(RemoteWebDriver.java:131)
at org.openqa.selenium.remote.RemoteWebDriver.<init>(RemoteWebDriver.java:158)
at config.PRA_Base.initialzation(PRA_Base.java:90)
at pra_package.PRA_Home.initialization_browser_opening(PRA_Home.java:61)
at sun.reflect.NativeMethodAccessorImpl.invoke0(Native Method)
at sun.reflect.NativeMethodAccessorImpl.invoke(NativeMethodAccessorImpl.java:62)
at sun.reflect.DelegatingMethodAccessorImpl.invoke(DelegatingMethodAccessorImpl.java:43)
at java.lang.reflect.Method.invoke(Method.java:498)
at org.testng.internal.MethodInvocationHelper.invokeMethod(MethodInvocationHelper.java:124)
at org.testng.internal.MethodInvocationHelper.invokeMethodConsideringTimeout(MethodInvocationHelper.java:59)
at org.testng.internal.Invoker.invokeConfigurationMethod(Invoker.java:458)
at org.testng.internal.Invoker.invokeConfigurations(Invoker.java:222)
at org.testng.internal.Invoker.invokeConfigurations(Invoker.java:142)
at org.testng.SuiteRunner.privateRun(SuiteRunner.java:401)
at org.testng.SuiteRunner.run(SuiteRunner.java:364)
at org.testng.SuiteRunnerWorker.runSuite(SuiteRunnerWorker.java:52)
at org.testng.SuiteRunnerWorker.run(SuiteRunnerWorker.java:84)
at org.testng.TestNG.runSuitesSequentially(TestNG.java:1208)
at org.testng.TestNG.runSuitesLocally(TestNG.java:1137)
at org.testng.TestNG.runSuites(TestNG.java:1049)
at org.testng.TestNG.run(TestNG.java:1017)
at org.testng.TestNG.privateMain(TestNG.java:1354)
at org.testng.TestNG.main(TestNG.java:1323)
Caused by: org.apache.http.conn.HttpHostConnectException: Connect to localhost:4444 [localhost/127.0.0.1] failed: Connection refused (Connection refused)
at org.apache.http.impl.conn.DefaultHttpClientConnectionOperator.connect(DefaultHttpClientConnectionOperator.java:159)
at org.apache.http.impl.conn.PoolingHttpClientConnectionManager.connect(PoolingHttpClientConnectionManager.java:359)
at org.apache.http.impl.execchain.MainClientExec.establishRoute(MainClientExec.java:381)
at org.apache.http.impl.execchain.MainClientExec.execute(MainClientExec.java:237)
at org.apache.http.impl.execchain.ProtocolExec.execute(ProtocolExec.java:185)
at org.apache.http.impl.execchain.RetryExec.execute(RetryExec.java:89)
at org.apache.http.impl.execchain.RedirectExec.execute(RedirectExec.java:111)
at org.apache.http.impl.client.InternalHttpClient.doExecute(InternalHttpClient.java:185)
at org.apache.http.impl.client.CloseableHttpClient.execute(CloseableHttpClient.java:72)
at org.apache.http.impl.client.CloseableHttpClient.execute(CloseableHttpClient.java:56)
at org.openqa.selenium.remote.internal.ApacheHttpClient.fallBackExecute(ApacheHttpClient.java:144)
at org.openqa.selenium.remote.internal.ApacheHttpClient.execute(ApacheHttpClient.java:90)
at org.openqa.selenium.remote.HttpCommandExecutor.execute(HttpCommandExecutor.java:142)
at org.openqa.selenium.remote.RemoteWebDriver.execute(RemoteWebDriver.java:644)
... 24 more
Caused by: java.net.ConnectException: Connection refused (Connection refused)
at java.net.PlainSocketImpl.socketConnect(Native Method)
at java.net.AbstractPlainSocketImpl.doConnect(AbstractPlainSocketImpl.java:350)
at java.net.AbstractPlainSocketImpl.connectToAddress(AbstractPlainSocketImpl.java:206)
at java.net.AbstractPlainSocketImpl.connect(AbstractPlainSocketImpl.java:188)
at java.net.SocksSocketImpl.connect(SocksSocketImpl.java:392)
at java.net.Socket.connect(Socket.java:589)
at org.apache.http.conn.socket.PlainConnectionSocketFactory.connectSocket(PlainConnectionSocketFactory.java:75)
at org.apache.http.impl.conn.DefaultHttpClientConnectionOperator.connect(DefaultHttpClientConnectionOperator.java:142)
... 37 more
]]>
    </error>
  </testcase> <!-- initialization_browser_opening -->
  <testcase name="title_verification" time="0.000" classname="pra_package.PRA_Home">
    <skipped/>
  </testcase> <!-- title_verification -->
  <testcase name="login_Test" time="0.000" classname="pra_package.PRA_Home">
    <skipped/>
  </testcase> <!-- login_Test -->
  <testcase name="gmail_verification" time="0.000" classname="pra_package.PRA_Home">
    <skipped/>
  </testcase> <!-- gmail_verification -->
  <testcase name="Banner_footer" time="0.000" classname="pra_package.PRA_Home">
    <skipped/>
  </testcase> <!-- Banner_footer -->
  <testcase name="PRA_Home_Test" time="0.000" classname="pra_package.PRA_Home">
    <skipped/>
  </testcase> <!-- PRA_Home_Test -->
  <testcase name="Previous_PRA_Test" time="0.000" classname="pra_package.PRA_Home">
    <skipped/>
  </testcase> <!-- Previous_PRA_Test -->
  <testcase name="Regulated_Pest_Test" time="0.000" classname="pra_package.PRA_Home">
    <skipped/>
  </testcase> <!-- Regulated_Pest_Test -->
  <testcase name="pathway_creation" time="0.000" classname="pra_package.PRA_Home">
    <skipped/>
  </testcase> <!-- pathway_creation -->
  <testcase name="By_pathway_risk_assessments" time="0.000" classname="pra_package.PRA_Home">
    <skipped/>
  </testcase> <!-- By_pathway_risk_assessments -->
  <testcase name="By_pathway_risk_assessments_actions" time="0.000" classname="pra_package.PRA_Home">
    <skipped/>
  </testcase> <!-- By_pathway_risk_assessments_actions -->
  <testcase name="By_pathway_pestrisk" time="0.000" classname="pra_package.PRA_Home">
    <skipped/>
  </testcase> <!-- By_pathway_pestrisk -->
  <testcase name="By_pathway_summaryscreen" time="0.000" classname="pra_package.PRA_Home">
    <skipped/>
  </testcase> <!-- By_pathway_summaryscreen -->
  <testcase name="By_pathway_report_generation" time="0.000" classname="pra_package.PRA_Home">
    <skipped/>
  </testcase> <!-- By_pathway_report_generation -->
  <testcase name="By_pest_initiation" time="0.000" classname="pra_package.PRA_Home">
    <skipped/>
  </testcase> <!-- By_pest_initiation -->
  <testcase name="By_pest_cattegorization_tab" time="0.000" classname="pra_package.PRA_Home">
    <skipped/>
  </testcase> <!-- By_pest_cattegorization_tab -->
  <testcase name="By_pest_Probabity_of_entry" time="0.000" classname="pra_package.PRA_Home">
    <skipped/>
  </testcase> <!-- By_pest_Probabity_of_entry -->
  <testcase name="Bypest_riskassessment" time="0.000" classname="pra_package.PRA_Home">
    <skipped/>
  </testcase> <!-- Bypest_riskassessment -->
  <testcase name="Bypest_risk_management" time="0.000" classname="pra_package.PRA_Home">
    <skipped/>
  </testcase> <!-- Bypest_risk_management -->
  <testcase name="Bypest_PRA_summary_screen" time="0.000" classname="pra_package.PRA_Home">
    <skipped/>
  </testcase> <!-- Bypest_PRA_summary_screen -->
  <testcase name="Bypest_download_PRA_report" time="0.000" classname="pra_package.PRA_Home">
    <skipped/>
  </testcase> <!-- Bypest_download_PRA_report -->
  <testcase name="By_pest_delete_PRA" time="0.000" classname="pra_package.PRA_Home">
    <skipped/>
  </testcase> <!-- By_pest_delete_PRA -->
</testsuite> <!-- pra_package.PRA_Home -->
