<?xml version="1.0" encoding="UTF-8"?>
<!-- Generated by org.testng.reporters.JUnitXMLReporter -->
<testsuite hostname="314421053d32" ignored="0" name="home" tests="21" failures="0" timestamp="30 Jan 2021 13:17:15 GMT" time="0.062" errors="0">
  <testcase name="@BeforeSuite initialization_browser_opening" time="1.136" classname="pra_package.PRA_Home">
    <failure type="org.openqa.selenium.remote.UnreachableBrowserException" message="Could not start a new session. Possible causes are invalid address of the remote server or browser start-up failure.
Build info: version: &amp;apos;2.53.0&amp;apos;, revision: &amp;apos;35ae25b1534ae328c771e0856c93e187490ca824&amp;apos;, time: &amp;apos;2016-03-15 10:43:46&amp;apos;
System info: host: &amp;apos;314421053d32&amp;apos;, ip: &amp;apos;172.18.0.4&amp;apos;, os.name: &amp;apos;Linux&amp;apos;, os.arch: &amp;apos;amd64&amp;apos;, os.version: &amp;apos;4.19.121-linuxkit&amp;apos;, java.version: &amp;apos;1.8.0_191&amp;apos;
Driver info: driver.version: RemoteWebDriver">
      <![CDATA[org.openqa.selenium.remote.UnreachableBrowserException: Could not start a new session. Possible causes are invalid address of the remote server or browser start-up failure.
Build info: version: '2.53.0', revision: '35ae25b1534ae328c771e0856c93e187490ca824', time: '2016-03-15 10:43:46'
System info: host: '314421053d32', ip: '172.18.0.4', os.name: 'Linux', os.arch: 'amd64', os.version: '4.19.121-linuxkit', java.version: '1.8.0_191'
Driver info: driver.version: RemoteWebDriver
at org.openqa.selenium.remote.RemoteWebDriver.execute(RemoteWebDriver.java:665)
at org.openqa.selenium.remote.RemoteWebDriver.startSession(RemoteWebDriver.java:249)
at org.openqa.selenium.remote.RemoteWebDriver.<init>(RemoteWebDriver.java:131)
at org.openqa.selenium.remote.RemoteWebDriver.<init>(RemoteWebDriver.java:158)
at config.PRA_Base.initialzation(PRA_Base.java:90)
at pra_package.PRA_Home.initialization_browser_opening(PRA_Home.java:61)
Caused by: org.apache.http.conn.HttpHostConnectException: Connect to localhost:4444 [localhost/127.0.0.1] failed: Connection refused (Connection refused)
at org.apache.http.impl.conn.DefaultHttpClientConnectionOperator.connect(DefaultHttpClientConnectionOperator.java:159)
at org.apache.http.impl.conn.PoolingHttpClientConnectionManager.connect(PoolingHttpClientConnectionManager.java:359)
at org.apache.http.impl.execchain.MainClientExec.establishRoute(MainClientExec.java:381)
at org.apache.http.impl.execchain.MainClientExec.execute(MainClientExec.java:237)
at org.apache.http.impl.execchain.ProtocolExec.execute(ProtocolExec.java:185)
at org.apache.http.impl.execchain.RetryExec.execute(RetryExec.java:89)
at org.apache.http.impl.execchain.RedirectExec.execute(RedirectExec.java:111)
at org.apache.http.impl.client.InternalHttpClient.doExecute(InternalHttpClient.java:185)
at org.apache.http.impl.client.CloseableHttpClient.execute(CloseableHttpClient.java:72)
at org.apache.http.impl.client.CloseableHttpClient.execute(CloseableHttpClient.java:56)
at org.openqa.selenium.remote.internal.ApacheHttpClient.fallBackExecute(ApacheHttpClient.java:144)
at org.openqa.selenium.remote.internal.ApacheHttpClient.execute(ApacheHttpClient.java:90)
at org.openqa.selenium.remote.HttpCommandExecutor.execute(HttpCommandExecutor.java:142)
at org.openqa.selenium.remote.RemoteWebDriver.execute(RemoteWebDriver.java:644)
... 24 more
Caused by: java.net.ConnectException: Connection refused (Connection refused)
at java.net.PlainSocketImpl.socketConnect(Native Method)
at java.net.AbstractPlainSocketImpl.doConnect(AbstractPlainSocketImpl.java:350)
at java.net.AbstractPlainSocketImpl.connectToAddress(AbstractPlainSocketImpl.java:206)
at java.net.AbstractPlainSocketImpl.connect(AbstractPlainSocketImpl.java:188)
at java.net.SocksSocketImpl.connect(SocksSocketImpl.java:392)
at java.net.Socket.connect(Socket.java:589)
at org.apache.http.conn.socket.PlainConnectionSocketFactory.connectSocket(PlainConnectionSocketFactory.java:75)
at org.apache.http.impl.conn.DefaultHttpClientConnectionOperator.connect(DefaultHttpClientConnectionOperator.java:142)
... 37 more
... Removed 19 stack frames]]>
    </failure>
  </testcase> <!-- @BeforeSuite initialization_browser_opening -->
  <testcase name="@AfterMethod fail_testcase" time="0.0" classname="pra_package.PRA_Home">
    <skipped/>
  </testcase> <!-- @AfterMethod fail_testcase -->
  <testcase name="@AfterMethod fail_testcase" time="0.0" classname="pra_package.PRA_Home">
    <skipped/>
  </testcase> <!-- @AfterMethod fail_testcase -->
  <testcase name="@AfterMethod fail_testcase" time="0.0" classname="pra_package.PRA_Home">
    <skipped/>
  </testcase> <!-- @AfterMethod fail_testcase -->
  <testcase name="@AfterMethod fail_testcase" time="0.0" classname="pra_package.PRA_Home">
    <skipped/>
  </testcase> <!-- @AfterMethod fail_testcase -->
  <testcase name="@AfterMethod fail_testcase" time="0.0" classname="pra_package.PRA_Home">
    <skipped/>
  </testcase> <!-- @AfterMethod fail_testcase -->
  <testcase name="@AfterMethod fail_testcase" time="0.0" classname="pra_package.PRA_Home">
    <skipped/>
  </testcase> <!-- @AfterMethod fail_testcase -->
  <testcase name="@AfterMethod fail_testcase" time="0.0" classname="pra_package.PRA_Home">
    <skipped/>
  </testcase> <!-- @AfterMethod fail_testcase -->
  <testcase name="@AfterMethod fail_testcase" time="0.0" classname="pra_package.PRA_Home">
    <skipped/>
  </testcase> <!-- @AfterMethod fail_testcase -->
  <testcase name="@AfterMethod fail_testcase" time="0.0" classname="pra_package.PRA_Home">
    <skipped/>
  </testcase> <!-- @AfterMethod fail_testcase -->
  <testcase name="@AfterMethod fail_testcase" time="0.0" classname="pra_package.PRA_Home">
    <skipped/>
  </testcase> <!-- @AfterMethod fail_testcase -->
  <testcase name="@AfterMethod fail_testcase" time="0.0" classname="pra_package.PRA_Home">
    <skipped/>
  </testcase> <!-- @AfterMethod fail_testcase -->
  <testcase name="@AfterMethod fail_testcase" time="0.0" classname="pra_package.PRA_Home">
    <skipped/>
  </testcase> <!-- @AfterMethod fail_testcase -->
  <testcase name="@AfterMethod fail_testcase" time="0.0" classname="pra_package.PRA_Home">
    <skipped/>
  </testcase> <!-- @AfterMethod fail_testcase -->
  <testcase name="@AfterMethod fail_testcase" time="0.0" classname="pra_package.PRA_Home">
    <skipped/>
  </testcase> <!-- @AfterMethod fail_testcase -->
  <testcase name="@AfterMethod fail_testcase" time="0.0" classname="pra_package.PRA_Home">
    <skipped/>
  </testcase> <!-- @AfterMethod fail_testcase -->
  <testcase name="@AfterMethod fail_testcase" time="0.0" classname="pra_package.PRA_Home">
    <skipped/>
  </testcase> <!-- @AfterMethod fail_testcase -->
  <testcase name="@AfterMethod fail_testcase" time="0.0" classname="pra_package.PRA_Home">
    <skipped/>
  </testcase> <!-- @AfterMethod fail_testcase -->
  <testcase name="@AfterMethod fail_testcase" time="0.0" classname="pra_package.PRA_Home">
    <skipped/>
  </testcase> <!-- @AfterMethod fail_testcase -->
  <testcase name="@AfterMethod fail_testcase" time="0.0" classname="pra_package.PRA_Home">
    <skipped/>
  </testcase> <!-- @AfterMethod fail_testcase -->
  <testcase name="@AfterMethod fail_testcase" time="0.0" classname="pra_package.PRA_Home">
    <skipped/>
  </testcase> <!-- @AfterMethod fail_testcase -->
  <testcase name="@AfterMethod fail_testcase" time="0.0" classname="pra_package.PRA_Home">
    <skipped/>
  </testcase> <!-- @AfterMethod fail_testcase -->
  <testcase name="title_verification" time="0.0" classname="pra_package.PRA_Home">
    <skipped/>
  </testcase> <!-- title_verification -->
  <testcase name="login_Test" time="0.0" classname="pra_package.PRA_Home">
    <skipped/>
  </testcase> <!-- login_Test -->
  <testcase name="gmail_verification" time="0.0" classname="pra_package.PRA_Home">
    <skipped/>
  </testcase> <!-- gmail_verification -->
  <testcase name="Banner_footer" time="0.0" classname="pra_package.PRA_Home">
    <skipped/>
  </testcase> <!-- Banner_footer -->
  <testcase name="PRA_Home_Test" time="0.0" classname="pra_package.PRA_Home">
    <skipped/>
  </testcase> <!-- PRA_Home_Test -->
  <testcase name="Previous_PRA_Test" time="0.0" classname="pra_package.PRA_Home">
    <skipped/>
  </testcase> <!-- Previous_PRA_Test -->
  <testcase name="Regulated_Pest_Test" time="0.0" classname="pra_package.PRA_Home">
    <skipped/>
  </testcase> <!-- Regulated_Pest_Test -->
  <testcase name="pathway_creation" time="0.0" classname="pra_package.PRA_Home">
    <skipped/>
  </testcase> <!-- pathway_creation -->
  <testcase name="By_pathway_risk_assessments" time="0.0" classname="pra_package.PRA_Home">
    <skipped/>
  </testcase> <!-- By_pathway_risk_assessments -->
  <testcase name="By_pathway_risk_assessments_actions" time="0.0" classname="pra_package.PRA_Home">
    <skipped/>
  </testcase> <!-- By_pathway_risk_assessments_actions -->
  <testcase name="By_pathway_pestrisk" time="0.0" classname="pra_package.PRA_Home">
    <skipped/>
  </testcase> <!-- By_pathway_pestrisk -->
  <testcase name="By_pathway_summaryscreen" time="0.0" classname="pra_package.PRA_Home">
    <skipped/>
  </testcase> <!-- By_pathway_summaryscreen -->
  <testcase name="By_pathway_report_generation" time="0.0" classname="pra_package.PRA_Home">
    <skipped/>
  </testcase> <!-- By_pathway_report_generation -->
  <testcase name="By_pest_initiation" time="0.0" classname="pra_package.PRA_Home">
    <skipped/>
  </testcase> <!-- By_pest_initiation -->
  <testcase name="By_pest_cattegorization_tab" time="0.0" classname="pra_package.PRA_Home">
    <skipped/>
  </testcase> <!-- By_pest_cattegorization_tab -->
  <testcase name="By_pest_Probabity_of_entry" time="0.0" classname="pra_package.PRA_Home">
    <skipped/>
  </testcase> <!-- By_pest_Probabity_of_entry -->
  <testcase name="Bypest_riskassessment" time="0.0" classname="pra_package.PRA_Home">
    <skipped/>
  </testcase> <!-- Bypest_riskassessment -->
  <testcase name="Bypest_risk_management" time="0.0" classname="pra_package.PRA_Home">
    <skipped/>
  </testcase> <!-- Bypest_risk_management -->
  <testcase name="Bypest_PRA_summary_screen" time="0.0" classname="pra_package.PRA_Home">
    <skipped/>
  </testcase> <!-- Bypest_PRA_summary_screen -->
  <testcase name="Bypest_download_PRA_report" time="0.0" classname="pra_package.PRA_Home">
    <skipped/>
  </testcase> <!-- Bypest_download_PRA_report -->
  <testcase name="By_pest_delete_PRA" time="0.0" classname="pra_package.PRA_Home">
    <skipped/>
  </testcase> <!-- By_pest_delete_PRA -->
</testsuite> <!-- home -->
