<?xml version="1.0" encoding="UTF-8"?>
<!-- Generated by org.testng.reporters.JUnitXMLReporter -->
<testsuite ignored="0" hostname="DESKTOP-K8HJ363" failures="0" tests="3" name="MYCABI account creation" time="88.406" errors="0" timestamp="2020-12-17T16:58:31 IST">
  <testcase classname="pra_package.My_cabi_account" name="account_creation" time="41.363"/>
  <testcase classname="pra_package.My_cabi_account" name="login_with_created_account" time="19.021"/>
  <testcase classname="pra_package.My_cabi_account" name="mycabi_tab" time="27.947"/>
</testsuite> <!-- MYCABI account creation -->
